0,status,1,POSSESSED,ALIVE,Sample4
0,status,2,VILLAGER,ALIVE,Sample3
0,status,3,SEER,ALIVE,Sample2
0,status,4,WEREWOLF,ALIVE,Sample1
0,status,5,VILLAGER,ALIVE,omgus29
0,divine,3,2,HUMAN
1,status,1,POSSESSED,ALIVE,Sample4
1,status,2,VILLAGER,ALIVE,Sample3
1,status,3,SEER,ALIVE,Sample2
1,status,4,WEREWOLF,ALIVE,Sample1
1,status,5,VILLAGER,ALIVE,omgus29
1,talk,0,0,1,VOTE Agent[04]
1,talk,1,0,4,VOTE Agent[01]
1,talk,2,0,3,COMINGOUT Agent[03] SEER
1,talk,3,0,2,VOTE Agent[03]
1,talk,4,0,5,REQUEST ANY (VOTE Agent[01])
1,talk,5,1,3,DAY 1 (DIVINED Agent[02] HUMAN)
1,talk,6,1,4,REQUEST ANY (VOTE Agent[01])
1,talk,7,1,2,REQUEST ANY (VOTE Agent[03])
1,talk,8,1,1,REQUEST ANY (VOTE Agent[04])
1,talk,9,1,5,REQUEST ANY (VOTE Agent[01])
1,talk,10,2,4,COMINGOUT Agent[04] SEER
1,talk,11,2,1,COMINGOUT Agent[01] SEER
1,talk,12,2,5,ESTIMATE Agent[01] WEREWOLF
1,talk,13,2,3,DIVINED Agent[02] HUMAN
1,talk,14,2,2,Skip
1,talk,15,3,2,Skip
1,talk,16,3,5,REQUEST ANY (VOTE Agent[01])
1,talk,17,3,4,BECAUSE (AND (COMINGOUT Agent[04] SEER) (Agent[03] COMINGOUT Agent[03] SEER)) (XOR (ESTIMATE Agent[03] WEREWOLF) (ESTIMATE Agent[03] POSSESSED))
1,talk,18,3,3,VOTE Agent[04]
1,talk,19,3,1,DAY 1 (DIVINED Agent[03] WEREWOLF)
1,talk,20,4,1,DIVINED Agent[03] WEREWOLF
1,talk,21,4,3,REQUEST ANY (VOTE Agent[04])
1,talk,22,4,5,VOTE Agent[01]
1,talk,23,4,2,Over
1,talk,24,4,4,DAY 1 (DIVINED Agent[02] HUMAN)
1,talk,25,5,3,Skip
1,talk,26,5,4,DIVINED Agent[02] HUMAN
1,talk,27,5,1,BECAUSE (DAY 1 (DIVINED Agent[03] WEREWOLF)) (AND (VOTE Agent[03]) (REQUEST ANY (VOTE Agent[03])))
1,talk,28,5,2,Over
1,talk,29,5,5,ESTIMATE Agent[01] WEREWOLF
1,talk,30,6,2,Over
1,talk,31,6,3,Skip
1,talk,32,6,4,BECAUSE (XOR (ESTIMATE Agent[03] WEREWOLF) (ESTIMATE Agent[03] POSSESSED)) (AND (VOTE Agent[03]) (REQUEST ANY (VOTE Agent[03])))
1,talk,33,6,1,VOTE Agent[03]
1,talk,34,6,5,VOTE Agent[01]
1,talk,35,7,5,VOTE Agent[01]
1,talk,36,7,2,Over
1,talk,37,7,4,VOTE Agent[03]
1,talk,38,7,1,REQUEST ANY (VOTE Agent[03])
1,talk,39,7,3,Over
1,talk,40,8,1,Skip
1,talk,41,8,4,REQUEST ANY (VOTE Agent[03])
1,talk,42,8,3,Over
1,talk,43,8,2,Over
1,talk,44,8,5,ESTIMATE Agent[01] WEREWOLF
1,talk,45,9,1,Skip
1,talk,46,9,4,Skip
1,talk,47,9,5,VOTE Agent[01]
1,talk,48,9,3,Over
1,talk,49,9,2,Over
1,talk,50,10,4,Skip
1,talk,51,10,3,Over
1,talk,52,10,2,Over
1,talk,53,10,1,Over
1,talk,54,10,5,Over
1,talk,55,11,3,Over
1,talk,56,11,4,Over
1,talk,57,11,1,Over
1,talk,58,11,2,Over
1,talk,59,11,5,Over
1,vote,1,3
1,vote,2,1
1,vote,3,4
1,vote,4,3
1,vote,5,1
1,vote,1,3
1,vote,2,1
1,vote,3,1
1,vote,4,1
1,vote,5,1
1,execute,1,POSSESSED
1,attackVote,4,3
1,attack,3,true
2,status,1,POSSESSED,DEAD,Sample4
2,status,2,VILLAGER,ALIVE,Sample3
2,status,3,SEER,DEAD,Sample2
2,status,4,WEREWOLF,ALIVE,Sample1
2,status,5,VILLAGER,ALIVE,omgus29
2,talk,0,0,4,DAY 2 (DIVINED Agent[05] WEREWOLF)
2,talk,1,0,2,VOTE Agent[05]
2,talk,2,0,5,ESTIMATE Agent[02] WEREWOLF
2,talk,3,1,2,REQUEST ANY (VOTE Agent[05])
2,talk,4,1,4,DIVINED Agent[05] WEREWOLF
2,talk,5,1,5,ESTIMATE Agent[02] WEREWOLF
2,talk,6,2,4,BECAUSE (DAY 2 (DIVINED Agent[05] WEREWOLF)) (AND (VOTE Agent[05]) (REQUEST ANY (VOTE Agent[05])))
2,talk,7,2,2,Skip
2,talk,8,2,5,VOTE Agent[04]
2,talk,9,3,4,VOTE Agent[05]
2,talk,10,3,5,ESTIMATE Agent[04] WEREWOLF
2,talk,11,3,2,Skip
2,talk,12,4,2,Over
2,talk,13,4,5,ESTIMATE Agent[04] WEREWOLF
2,talk,14,4,4,REQUEST ANY (VOTE Agent[05])
2,talk,15,5,5,REQUEST ANY (VOTE Agent[04])
2,talk,16,5,4,Skip
2,talk,17,5,2,Over
2,talk,18,6,2,Over
2,talk,19,6,4,Skip
2,talk,20,6,5,ESTIMATE Agent[04] WEREWOLF
2,talk,21,7,2,Over
2,talk,22,7,4,Over
2,talk,23,7,5,VOTE Agent[04]
2,talk,24,8,5,ESTIMATE Agent[04] WEREWOLF
2,talk,25,8,4,Over
2,talk,26,8,2,Over
2,talk,27,9,2,Over
2,talk,28,9,4,Over
2,talk,29,9,5,ESTIMATE Agent[04] WEREWOLF
2,talk,30,10,2,Over
2,talk,31,10,5,Over
2,talk,32,10,4,Over
2,vote,2,5
2,vote,4,5
2,vote,5,4
2,execute,5,VILLAGER
2,attackVote,4,2
2,attack,2,true
3,status,1,POSSESSED,DEAD,Sample4
3,status,2,VILLAGER,DEAD,Sample3
3,status,3,SEER,DEAD,Sample2
3,status,4,WEREWOLF,ALIVE,Sample1
3,status,5,VILLAGER,DEAD,omgus29
3,result,0,1,WEREWOLF
