0,status,1,VILLAGER,ALIVE,Sample4
0,status,2,POSSESSED,ALIVE,Sample3
0,status,3,SEER,ALIVE,Sample2
0,status,4,WEREWOLF,ALIVE,Sample1
0,status,5,VILLAGER,ALIVE,Testing agent
0,divine,3,2,HUMAN
1,status,1,VILLAGER,ALIVE,Sample4
1,status,2,POSSESSED,ALIVE,Sample3
1,status,3,SEER,ALIVE,Sample2
1,status,4,WEREWOLF,ALIVE,Sample1
1,status,5,VILLAGER,ALIVE,Testing agent
1,talk,0,0,1,VOTE Agent[04]
1,talk,1,0,3,VOTE Agent[01]
1,talk,2,0,2,VOTE Agent[03]
1,talk,3,0,4,VOTE Agent[03]
1,talk,4,0,5,ESTIMATE Agent[01] BODYGUARD
1,talk,5,1,3,REQUEST ANY (VOTE Agent[01])
1,talk,6,1,2,REQUEST ANY (VOTE Agent[03])
1,talk,7,1,5,ESTIMATE Agent[01] BODYGUARD
1,talk,8,1,4,REQUEST ANY (VOTE Agent[03])
1,talk,9,1,1,REQUEST ANY (VOTE Agent[04])
1,talk,10,2,2,Skip
1,talk,11,2,5,ESTIMATE Agent[01] VILLAGER
1,talk,12,2,3,Skip
1,talk,13,2,4,Skip
1,talk,14,2,1,Skip
1,talk,15,3,3,Skip
1,talk,16,3,4,Skip
1,talk,17,3,5,ESTIMATE Agent[01] BODYGUARD
1,talk,18,3,1,Skip
1,talk,19,3,2,Skip
1,talk,20,4,3,Over
1,talk,21,4,1,Over
1,talk,22,4,2,Over
1,talk,23,4,5,ESTIMATE Agent[01] MEDIUM
1,talk,24,4,4,Over
1,talk,25,5,5,ESTIMATE Agent[01] MEDIUM
1,talk,26,5,1,Over
1,talk,27,5,4,Over
1,talk,28,5,3,Over
1,talk,29,5,2,Over
1,talk,30,6,2,Over
1,talk,31,6,4,Over
1,talk,32,6,5,ESTIMATE Agent[01] MEDIUM
1,talk,33,6,3,Over
1,talk,34,6,1,Over
1,talk,35,7,4,Over
1,talk,36,7,2,Over
1,talk,37,7,3,Over
1,talk,38,7,1,Over
1,talk,39,7,5,ESTIMATE Agent[01] BODYGUARD
1,talk,40,8,5,ESTIMATE Agent[01] SEER
1,talk,41,8,4,Over
1,talk,42,8,3,Over
1,talk,43,8,2,Over
1,talk,44,8,1,Over
1,talk,45,9,1,Over
1,talk,46,9,5,ESTIMATE Agent[01] BODYGUARD
1,talk,47,9,2,Over
1,talk,48,9,3,Over
1,talk,49,9,4,Over
1,talk,50,10,4,Over
1,talk,51,10,1,Over
1,talk,52,10,5,Over
1,talk,53,10,2,Over
1,talk,54,10,3,Over
1,vote,1,3
1,vote,2,1
1,vote,3,4
1,vote,4,3
1,vote,5,1
1,vote,1,3
1,vote,2,1
1,vote,3,1
1,vote,4,1
1,vote,5,1
1,execute,1,VILLAGER
1,divine,3,4,WEREWOLF
1,attackVote,4,2
1,attack,2,true
2,status,1,VILLAGER,DEAD,Sample4
2,status,2,POSSESSED,DEAD,Sample3
2,status,3,SEER,ALIVE,Sample2
2,status,4,WEREWOLF,ALIVE,Sample1
2,status,5,VILLAGER,ALIVE,Testing agent
2,talk,0,0,4,VOTE Agent[03]
2,talk,1,0,3,COMINGOUT Agent[03] SEER
2,talk,2,0,5,ESTIMATE Agent[01] BODYGUARD
2,talk,3,1,4,REQUEST ANY (VOTE Agent[03])
2,talk,4,1,5,ESTIMATE Agent[01] MEDIUM
2,talk,5,1,3,AND (DAY 1 (DIVINED Agent[02] HUMAN)) (DAY 2 (DIVINED Agent[04] WEREWOLF))
2,talk,6,2,4,Skip
2,talk,7,2,5,ESTIMATE Agent[01] VILLAGER
2,talk,8,2,3,DIVINED Agent[02] HUMAN
2,talk,9,3,3,DIVINED Agent[04] WEREWOLF
2,talk,10,3,5,ESTIMATE Agent[01] SEER
2,talk,11,3,4,Skip
2,talk,12,4,5,ESTIMATE Agent[01] VILLAGER
2,talk,13,4,3,BECAUSE (DAY 2 (DIVINED Agent[04] WEREWOLF)) (AND (VOTE Agent[04]) (REQUEST ANY (VOTE Agent[04])))
2,talk,14,4,4,Over
2,talk,15,5,5,ESTIMATE Agent[01] VILLAGER
2,talk,16,5,3,VOTE Agent[04]
2,talk,17,5,4,Over
2,talk,18,6,5,ESTIMATE Agent[01] BODYGUARD
2,talk,19,6,4,Over
2,talk,20,6,3,REQUEST ANY (VOTE Agent[04])
2,talk,21,7,4,Over
2,talk,22,7,5,ESTIMATE Agent[01] MEDIUM
2,talk,23,7,3,Skip
2,talk,24,8,5,ESTIMATE Agent[01] VILLAGER
2,talk,25,8,4,Over
2,talk,26,8,3,Skip
2,talk,27,9,5,ESTIMATE Agent[01] VILLAGER
2,talk,28,9,4,Over
2,talk,29,9,3,Over
2,talk,30,10,5,Over
2,talk,31,10,4,Over
2,talk,32,10,3,Over
2,vote,3,4
2,vote,4,3
2,vote,5,4
2,execute,4,WEREWOLF
2,divine,3,5,HUMAN
3,status,1,VILLAGER,DEAD,Sample4
3,status,2,POSSESSED,DEAD,Sample3
3,status,3,SEER,ALIVE,Sample2
3,status,4,WEREWOLF,DEAD,Sample1
3,status,5,VILLAGER,ALIVE,Testing agent
3,result,2,0,VILLAGER
