0,status,1,POSSESSED,ALIVE,SampleBasePlayer
0,status,2,WEREWOLF,ALIVE,SampleBasePlayer
0,status,3,VILLAGER,ALIVE,SampleBasePlayer
0,status,4,VILLAGER,ALIVE,SampleBasePlayer
0,status,5,SEER,ALIVE,sample_python
0,divine,5,5,HUMAN
1,status,1,POSSESSED,ALIVE,SampleBasePlayer
1,status,2,WEREWOLF,ALIVE,SampleBasePlayer
1,status,3,VILLAGER,ALIVE,SampleBasePlayer
1,status,4,VILLAGER,ALIVE,SampleBasePlayer
1,status,5,SEER,ALIVE,sample_python
1,talk,0,0,3,Skip
1,talk,1,0,5,Over
1,talk,2,0,4,Skip
1,talk,3,0,1,Skip
1,talk,4,0,2,Skip
1,talk,5,1,3,Skip
1,talk,6,1,5,Over
1,talk,7,1,1,Skip
1,talk,8,1,2,Skip
1,talk,9,1,4,Skip
1,talk,10,2,2,Over
1,talk,11,2,1,Over
1,talk,12,2,4,Over
1,talk,13,2,5,Over
1,talk,14,2,3,Over
1,vote,1,2
1,vote,2,4
1,vote,3,2
1,vote,4,5
1,vote,5,4
1,vote,1,4
1,vote,2,4
1,vote,3,5
1,vote,4,5
1,vote,5,3
1,execute,4,VILLAGER
1,divine,5,5,HUMAN
1,attack,3,true
2,status,1,POSSESSED,ALIVE,SampleBasePlayer
2,status,2,WEREWOLF,ALIVE,SampleBasePlayer
2,status,3,VILLAGER,DEAD,SampleBasePlayer
2,status,4,VILLAGER,DEAD,SampleBasePlayer
2,status,5,SEER,ALIVE,sample_python
2,talk,0,0,1,Skip
2,talk,1,0,2,Skip
2,talk,2,0,5,Over
2,talk,3,1,2,Skip
2,talk,4,1,5,Over
2,talk,5,1,1,Skip
2,talk,6,2,2,Over
2,talk,7,2,5,Over
2,talk,8,2,1,Over
2,vote,1,5
2,vote,2,5
2,vote,5,2
2,execute,5,SEER
2,attack,1,true
3,status,1,POSSESSED,DEAD,SampleBasePlayer
3,status,2,WEREWOLF,ALIVE,SampleBasePlayer
3,status,3,VILLAGER,DEAD,SampleBasePlayer
3,status,4,VILLAGER,DEAD,SampleBasePlayer
3,status,5,SEER,DEAD,sample_python
3,result,0,1,WEREWOLF
