0,status,1,SEER,ALIVE,SampleBasePlayer
0,status,2,VILLAGER,ALIVE,SampleBasePlayer
0,status,3,VILLAGER,ALIVE,SampleBasePlayer
0,status,4,POSSESSED,ALIVE,SampleBasePlayer
0,status,5,WEREWOLF,ALIVE,SampleBasePlayer
0,status,6,MEDIUM,ALIVE,SampleBasePlayer
0,status,7,VILLAGER,ALIVE,SampleBasePlayer
0,status,8,VILLAGER,ALIVE,SampleBasePlayer
0,status,9,WEREWOLF,ALIVE,SampleBasePlayer
0,status,10,BODYGUARD,ALIVE,SampleBasePlayer
0,whisper,0,0,5,Skip
0,whisper,1,0,9,Skip
0,whisper,2,1,5,Skip
0,whisper,3,1,9,Skip
0,whisper,4,2,9,Over
0,whisper,5,2,5,Over
1,status,1,SEER,ALIVE,SampleBasePlayer
1,status,2,VILLAGER,ALIVE,SampleBasePlayer
1,status,3,VILLAGER,ALIVE,SampleBasePlayer
1,status,4,POSSESSED,ALIVE,SampleBasePlayer
1,status,5,WEREWOLF,ALIVE,SampleBasePlayer
1,status,6,MEDIUM,ALIVE,SampleBasePlayer
1,status,7,VILLAGER,ALIVE,SampleBasePlayer
1,status,8,VILLAGER,ALIVE,SampleBasePlayer
1,status,9,WEREWOLF,ALIVE,SampleBasePlayer
1,status,10,BODYGUARD,ALIVE,SampleBasePlayer
1,talk,0,0,8,Skip
1,talk,1,0,7,Skip
1,talk,2,0,4,Skip
1,talk,3,0,3,Skip
1,talk,4,0,9,Skip
1,talk,5,0,1,Skip
1,talk,6,0,6,Skip
1,talk,7,0,5,Skip
1,talk,8,0,10,Skip
1,talk,9,0,2,Skip
1,talk,10,1,1,Skip
1,talk,11,1,7,Skip
1,talk,12,1,6,Skip
1,talk,13,1,5,Skip
1,talk,14,1,8,Skip
1,talk,15,1,4,Skip
1,talk,16,1,3,Skip
1,talk,17,1,9,Skip
1,talk,18,1,2,Skip
1,talk,19,1,10,Skip
1,talk,20,2,7,Over
1,talk,21,2,2,Over
1,talk,22,2,3,Over
1,talk,23,2,9,Over
1,talk,24,2,4,Over
1,talk,25,2,10,Over
1,talk,26,2,1,Over
1,talk,27,2,6,Over
1,talk,28,2,8,Over
1,talk,29,2,5,Over
1,vote,1,8
1,vote,2,4
1,vote,3,8
1,vote,4,8
1,vote,5,3
1,vote,6,8
1,vote,7,5
1,vote,8,6
1,vote,9,6
1,vote,10,7
1,execute,8,VILLAGER
1,whisper,0,0,5,Skip
1,whisper,1,0,9,Skip
1,whisper,2,1,9,Skip
1,whisper,3,1,5,Skip
1,whisper,4,2,5,Over
1,whisper,5,2,9,Over
1,attack,10,true
2,status,1,SEER,ALIVE,SampleBasePlayer
2,status,2,VILLAGER,ALIVE,SampleBasePlayer
2,status,3,VILLAGER,ALIVE,SampleBasePlayer
2,status,4,POSSESSED,ALIVE,SampleBasePlayer
2,status,5,WEREWOLF,ALIVE,SampleBasePlayer
2,status,6,MEDIUM,ALIVE,SampleBasePlayer
2,status,7,VILLAGER,ALIVE,SampleBasePlayer
2,status,8,VILLAGER,DEAD,SampleBasePlayer
2,status,9,WEREWOLF,ALIVE,SampleBasePlayer
2,status,10,BODYGUARD,DEAD,SampleBasePlayer
2,talk,0,0,6,Skip
2,talk,1,0,7,Skip
2,talk,2,0,4,Skip
2,talk,3,0,9,Skip
2,talk,4,0,5,Skip
2,talk,5,0,1,Skip
2,talk,6,0,2,Skip
2,talk,7,0,3,Skip
2,talk,8,1,4,Skip
2,talk,9,1,1,Skip
2,talk,10,1,2,Skip
2,talk,11,1,6,Skip
2,talk,12,1,3,Skip
2,talk,13,1,7,Skip
2,talk,14,1,9,Skip
2,talk,15,1,5,Skip
2,talk,16,2,9,Over
2,talk,17,2,5,Over
2,talk,18,2,3,Over
2,talk,19,2,6,Over
2,talk,20,2,2,Over
2,talk,21,2,7,Over
2,talk,22,2,1,Over
2,talk,23,2,4,Over
2,vote,1,5
2,vote,2,1
2,vote,3,6
2,vote,4,6
2,vote,5,4
2,vote,6,9
2,vote,7,1
2,vote,9,2
2,vote,1,4
2,vote,2,1
2,vote,3,1
2,vote,4,7
2,vote,5,1
2,vote,6,5
2,vote,7,2
2,vote,9,1
2,execute,1,SEER
2,whisper,0,0,5,Skip
2,whisper,1,0,9,Skip
2,whisper,2,1,5,Skip
2,whisper,3,1,9,Skip
2,whisper,4,2,5,Over
2,whisper,5,2,9,Over
2,attack,6,true
3,status,1,SEER,DEAD,SampleBasePlayer
3,status,2,VILLAGER,ALIVE,SampleBasePlayer
3,status,3,VILLAGER,ALIVE,SampleBasePlayer
3,status,4,POSSESSED,ALIVE,SampleBasePlayer
3,status,5,WEREWOLF,ALIVE,SampleBasePlayer
3,status,6,MEDIUM,DEAD,SampleBasePlayer
3,status,7,VILLAGER,ALIVE,SampleBasePlayer
3,status,8,VILLAGER,DEAD,SampleBasePlayer
3,status,9,WEREWOLF,ALIVE,SampleBasePlayer
3,status,10,BODYGUARD,DEAD,SampleBasePlayer
3,talk,0,0,4,Skip
3,talk,1,0,3,Skip
3,talk,2,0,7,Skip
3,talk,3,0,5,Skip
3,talk,4,0,9,Skip
3,talk,5,0,2,Skip
3,talk,6,1,5,Skip
3,talk,7,1,3,Skip
3,talk,8,1,4,Skip
3,talk,9,1,9,Skip
3,talk,10,1,7,Skip
3,talk,11,1,2,Skip
3,talk,12,2,3,Over
3,talk,13,2,5,Over
3,talk,14,2,4,Over
3,talk,15,2,7,Over
3,talk,16,2,9,Over
3,talk,17,2,2,Over
3,vote,2,3
3,vote,3,4
3,vote,4,2
3,vote,5,2
3,vote,7,3
3,vote,9,4
3,vote,2,7
3,vote,3,5
3,vote,4,5
3,vote,5,4
3,vote,7,9
3,vote,9,4
3,execute,5,WEREWOLF
3,attack,7,true
4,status,1,SEER,DEAD,SampleBasePlayer
4,status,2,VILLAGER,ALIVE,SampleBasePlayer
4,status,3,VILLAGER,ALIVE,SampleBasePlayer
4,status,4,POSSESSED,ALIVE,SampleBasePlayer
4,status,5,WEREWOLF,DEAD,SampleBasePlayer
4,status,6,MEDIUM,DEAD,SampleBasePlayer
4,status,7,VILLAGER,DEAD,SampleBasePlayer
4,status,8,VILLAGER,DEAD,SampleBasePlayer
4,status,9,WEREWOLF,ALIVE,SampleBasePlayer
4,status,10,BODYGUARD,DEAD,SampleBasePlayer
4,talk,0,0,2,Skip
4,talk,1,0,3,Skip
4,talk,2,0,4,Skip
4,talk,3,0,9,Skip
4,talk,4,1,2,Skip
4,talk,5,1,9,Skip
4,talk,6,1,3,Skip
4,talk,7,1,4,Skip
4,talk,8,2,3,Over
4,talk,9,2,9,Over
4,talk,10,2,4,Over
4,talk,11,2,2,Over
4,vote,2,3
4,vote,3,2
4,vote,4,2
4,vote,9,4
4,execute,2,VILLAGER
4,attack,3,true
5,status,1,SEER,DEAD,SampleBasePlayer
5,status,2,VILLAGER,DEAD,SampleBasePlayer
5,status,3,VILLAGER,DEAD,SampleBasePlayer
5,status,4,POSSESSED,ALIVE,SampleBasePlayer
5,status,5,WEREWOLF,DEAD,SampleBasePlayer
5,status,6,MEDIUM,DEAD,SampleBasePlayer
5,status,7,VILLAGER,DEAD,SampleBasePlayer
5,status,8,VILLAGER,DEAD,SampleBasePlayer
5,status,9,WEREWOLF,ALIVE,SampleBasePlayer
5,status,10,BODYGUARD,DEAD,SampleBasePlayer
5,result,1,1,WEREWOLF
