0,status,1,POSSESSED,ALIVE,SampleBasePlayer
0,status,2,VILLAGER,ALIVE,SampleBasePlayer
0,status,3,VILLAGER,ALIVE,SampleBasePlayer
0,status,4,VILLAGER,ALIVE,SampleBasePlayer
0,status,5,MEDIUM,ALIVE,SampleBasePlayer
0,status,6,WEREWOLF,ALIVE,SampleBasePlayer
0,status,7,WEREWOLF,ALIVE,SampleBasePlayer
0,status,8,SEER,ALIVE,SampleBasePlayer
0,status,9,VILLAGER,ALIVE,SampleBasePlayer
0,status,10,BODYGUARD,ALIVE,sample_python
0,whisper,0,0,6,Skip
0,whisper,1,0,7,Skip
0,whisper,2,1,6,Skip
0,whisper,3,1,7,Skip
0,whisper,4,2,6,Over
0,whisper,5,2,7,Over
1,status,1,POSSESSED,ALIVE,SampleBasePlayer
1,status,2,VILLAGER,ALIVE,SampleBasePlayer
1,status,3,VILLAGER,ALIVE,SampleBasePlayer
1,status,4,VILLAGER,ALIVE,SampleBasePlayer
1,status,5,MEDIUM,ALIVE,SampleBasePlayer
1,status,6,WEREWOLF,ALIVE,SampleBasePlayer
1,status,7,WEREWOLF,ALIVE,SampleBasePlayer
1,status,8,SEER,ALIVE,SampleBasePlayer
1,status,9,VILLAGER,ALIVE,SampleBasePlayer
1,status,10,BODYGUARD,ALIVE,sample_python
1,talk,0,0,6,Skip
1,talk,1,0,10,Over
1,talk,2,0,5,Skip
1,talk,3,0,1,Skip
1,talk,4,0,9,Skip
1,talk,5,0,2,Skip
1,talk,6,0,3,Skip
1,talk,7,0,4,Skip
1,talk,8,0,8,Skip
1,talk,9,0,7,Skip
1,talk,10,1,5,Skip
1,talk,11,1,3,Skip
1,talk,12,1,8,Skip
1,talk,13,1,9,Skip
1,talk,14,1,6,Skip
1,talk,15,1,10,Over
1,talk,16,1,2,Skip
1,talk,17,1,7,Skip
1,talk,18,1,4,Skip
1,talk,19,1,1,Skip
1,talk,20,2,8,Over
1,talk,21,2,10,Over
1,talk,22,2,2,Over
1,talk,23,2,3,Over
1,talk,24,2,1,Over
1,talk,25,2,6,Over
1,talk,26,2,5,Over
1,talk,27,2,9,Over
1,talk,28,2,4,Over
1,talk,29,2,7,Over
1,vote,1,7
1,vote,2,3
1,vote,3,2
1,vote,4,10
1,vote,5,10
1,vote,6,1
1,vote,7,3
1,vote,8,3
1,vote,9,8
1,vote,10,6
1,execute,3,VILLAGER
1,whisper,0,0,7,Skip
1,whisper,1,0,6,Skip
1,whisper,2,1,7,Skip
1,whisper,3,1,6,Skip
1,whisper,4,2,6,Over
1,whisper,5,2,7,Over
1,attack,1,true
2,status,1,POSSESSED,DEAD,SampleBasePlayer
2,status,2,VILLAGER,ALIVE,SampleBasePlayer
2,status,3,VILLAGER,DEAD,SampleBasePlayer
2,status,4,VILLAGER,ALIVE,SampleBasePlayer
2,status,5,MEDIUM,ALIVE,SampleBasePlayer
2,status,6,WEREWOLF,ALIVE,SampleBasePlayer
2,status,7,WEREWOLF,ALIVE,SampleBasePlayer
2,status,8,SEER,ALIVE,SampleBasePlayer
2,status,9,VILLAGER,ALIVE,SampleBasePlayer
2,status,10,BODYGUARD,ALIVE,sample_python
2,talk,0,0,9,Skip
2,talk,1,0,7,Skip
2,talk,2,0,10,Over
2,talk,3,0,6,Skip
2,talk,4,0,4,Skip
2,talk,5,0,8,Skip
2,talk,6,0,5,Skip
2,talk,7,0,2,Skip
2,talk,8,1,5,Skip
2,talk,9,1,9,Skip
2,talk,10,1,6,Skip
2,talk,11,1,4,Skip
2,talk,12,1,7,Skip
2,talk,13,1,10,Over
2,talk,14,1,2,Skip
2,talk,15,1,8,Skip
2,talk,16,2,2,Over
2,talk,17,2,4,Over
2,talk,18,2,8,Over
2,talk,19,2,6,Over
2,talk,20,2,5,Over
2,talk,21,2,10,Over
2,talk,22,2,9,Over
2,talk,23,2,7,Over
2,vote,2,9
2,vote,4,5
2,vote,5,2
2,vote,6,4
2,vote,7,9
2,vote,8,2
2,vote,9,7
2,vote,10,6
2,vote,2,6
2,vote,4,9
2,vote,5,2
2,vote,6,4
2,vote,7,8
2,vote,8,6
2,vote,9,2
2,vote,10,8
2,execute,6,WEREWOLF
2,attack,5,true
3,status,1,POSSESSED,DEAD,SampleBasePlayer
3,status,2,VILLAGER,ALIVE,SampleBasePlayer
3,status,3,VILLAGER,DEAD,SampleBasePlayer
3,status,4,VILLAGER,ALIVE,SampleBasePlayer
3,status,5,MEDIUM,DEAD,SampleBasePlayer
3,status,6,WEREWOLF,DEAD,SampleBasePlayer
3,status,7,WEREWOLF,ALIVE,SampleBasePlayer
3,status,8,SEER,ALIVE,SampleBasePlayer
3,status,9,VILLAGER,ALIVE,SampleBasePlayer
3,status,10,BODYGUARD,ALIVE,sample_python
3,talk,0,0,2,Skip
3,talk,1,0,4,Skip
3,talk,2,0,7,Skip
3,talk,3,0,9,Skip
3,talk,4,0,10,Over
3,talk,5,0,8,Skip
3,talk,6,1,10,Over
3,talk,7,1,9,Skip
3,talk,8,1,4,Skip
3,talk,9,1,8,Skip
3,talk,10,1,7,Skip
3,talk,11,1,2,Skip
3,talk,12,2,9,Over
3,talk,13,2,10,Over
3,talk,14,2,7,Over
3,talk,15,2,4,Over
3,talk,16,2,8,Over
3,talk,17,2,2,Over
3,vote,2,10
3,vote,4,7
3,vote,7,8
3,vote,8,7
3,vote,9,2
3,vote,10,2
3,vote,2,8
3,vote,4,9
3,vote,7,2
3,vote,8,7
3,vote,9,4
3,vote,10,9
3,execute,9,VILLAGER
3,attack,10,true
4,status,1,POSSESSED,DEAD,SampleBasePlayer
4,status,2,VILLAGER,ALIVE,SampleBasePlayer
4,status,3,VILLAGER,DEAD,SampleBasePlayer
4,status,4,VILLAGER,ALIVE,SampleBasePlayer
4,status,5,MEDIUM,DEAD,SampleBasePlayer
4,status,6,WEREWOLF,DEAD,SampleBasePlayer
4,status,7,WEREWOLF,ALIVE,SampleBasePlayer
4,status,8,SEER,ALIVE,SampleBasePlayer
4,status,9,VILLAGER,DEAD,SampleBasePlayer
4,status,10,BODYGUARD,DEAD,sample_python
4,talk,0,0,2,Skip
4,talk,1,0,4,Skip
4,talk,2,0,7,Skip
4,talk,3,0,8,Skip
4,talk,4,1,8,Skip
4,talk,5,1,4,Skip
4,talk,6,1,2,Skip
4,talk,7,1,7,Skip
4,talk,8,2,8,Over
4,talk,9,2,2,Over
4,talk,10,2,4,Over
4,talk,11,2,7,Over
4,vote,2,7
4,vote,4,8
4,vote,7,8
4,vote,8,7
4,vote,2,4
4,vote,4,8
4,vote,7,8
4,vote,8,2
4,execute,8,SEER
4,attack,4,true
5,status,1,POSSESSED,DEAD,SampleBasePlayer
5,status,2,VILLAGER,ALIVE,SampleBasePlayer
5,status,3,VILLAGER,DEAD,SampleBasePlayer
5,status,4,VILLAGER,DEAD,SampleBasePlayer
5,status,5,MEDIUM,DEAD,SampleBasePlayer
5,status,6,WEREWOLF,DEAD,SampleBasePlayer
5,status,7,WEREWOLF,ALIVE,SampleBasePlayer
5,status,8,SEER,DEAD,SampleBasePlayer
5,status,9,VILLAGER,DEAD,SampleBasePlayer
5,status,10,BODYGUARD,DEAD,sample_python
5,result,1,1,WEREWOLF
