0,status,1,SEER,ALIVE,SampleBasePlayer
0,status,2,VILLAGER,ALIVE,SampleBasePlayer
0,status,3,VILLAGER,ALIVE,SampleBasePlayer
0,status,4,WEREWOLF,ALIVE,SampleBasePlayer
0,status,5,POSSESSED,ALIVE,sample_python
1,status,1,SEER,ALIVE,SampleBasePlayer
1,status,2,VILLAGER,ALIVE,SampleBasePlayer
1,status,3,VILLAGER,ALIVE,SampleBasePlayer
1,status,4,WEREWOLF,ALIVE,SampleBasePlayer
1,status,5,POSSESSED,ALIVE,sample_python
1,talk,0,0,2,Skip
1,talk,1,0,4,Skip
1,talk,2,0,3,Skip
1,talk,3,0,5,Over
1,talk,4,0,1,Skip
1,talk,5,1,1,Skip
1,talk,6,1,4,Skip
1,talk,7,1,5,Over
1,talk,8,1,2,Skip
1,talk,9,1,3,Skip
1,talk,10,2,4,Over
1,talk,11,2,5,Over
1,talk,12,2,2,Over
1,talk,13,2,1,Over
1,talk,14,2,3,Over
1,vote,1,3
1,vote,2,1
1,vote,3,5
1,vote,4,5
1,vote,5,2
1,execute,5,POSSESSED
1,attack,1,true
2,status,1,SEER,DEAD,SampleBasePlayer
2,status,2,VILLAGER,ALIVE,SampleBasePlayer
2,status,3,VILLAGER,ALIVE,SampleBasePlayer
2,status,4,WEREWOLF,ALIVE,SampleBasePlayer
2,status,5,POSSESSED,DEAD,sample_python
2,talk,0,0,3,Skip
2,talk,1,0,2,Skip
2,talk,2,0,4,Skip
2,talk,3,1,2,Skip
2,talk,4,1,4,Skip
2,talk,5,1,3,Skip
2,talk,6,2,4,Over
2,talk,7,2,3,Over
2,talk,8,2,2,Over
2,vote,2,4
2,vote,3,2
2,vote,4,2
2,execute,2,VILLAGER
2,attack,3,true
3,status,1,SEER,DEAD,SampleBasePlayer
3,status,2,VILLAGER,DEAD,SampleBasePlayer
3,status,3,VILLAGER,DEAD,SampleBasePlayer
3,status,4,WEREWOLF,ALIVE,SampleBasePlayer
3,status,5,POSSESSED,DEAD,sample_python
3,result,0,1,WEREWOLF
